<?xml version="1.0" encoding="UTF-8"?>
<!-- Generated by org.testng.reporters.JUnitReportReporter -->
<testsuite hostname="qapitol-ThinkPad-L470-W10DG" failures="0" tests="4" name="com.api.automation.CrudOperation" time="1.393" errors="0" timestamp="26 Jul 2019 08:32:08 GMT" skipped="0">
  <testcase classname="com.api.automation.CrudOperation" name="postCall" time="0.062"/>
  <testcase classname="com.api.automation.CrudOperation" name="putCall" time="0.044"/>
  <testcase classname="com.api.automation.CrudOperation" name="getCall" time="0.025"/>
  <testcase classname="com.api.automation.CrudOperation" name="deleteCall" time="1.262"/>
</testsuite> <!-- com.api.automation.CrudOperation -->
